<?xml version="1.0" encoding="UTF-8"?>
<!-- Generated by org.testng.reporters.JUnitReportReporter -->
<testsuite hostname="Admin" failures="0" tests="1" name="Tests.HomeTest" time="21.953" errors="0" timestamp="2023-10-31T23:21:58 IST" skipped="0">
  <testcase classname="Tests.HomeTest" name="datePick" time="21.953"/>
</testsuite> <!-- Tests.HomeTest -->
