<?xml version="1.0" encoding="UTF-8"?>
<!-- Generated by org.testng.reporters.JUnitReportReporter -->
<testsuite hostname="Admin" failures="0" tests="3" name="Tests.WeddingAndEventTest" time="367.694" errors="0" timestamp="2023-10-31T21:08:16 IST" skipped="0">
  <testcase classname="Tests.WeddingAndEventTest" name="TitleValidation" time="46.293"/>
  <testcase classname="Tests.WeddingAndEventTest" name="contentVerification" time="14.184"/>
  <testcase classname="Tests.WeddingAndEventTest" name="linkcount" time="307.217"/>
</testsuite> <!-- Tests.WeddingAndEventTest -->
