<?xml version="1.0" encoding="UTF-8"?>
<!-- Generated by org.testng.reporters.JUnitReportReporter -->
<testsuite hostname="Admin" failures="0" tests="1" name="Tests.BookNowPage" time="52.169" errors="0" timestamp="2023-10-31T23:50:40 IST" skipped="0">
  <testcase classname="Tests.BookNowPage" name="clickBooknow" time="52.169"/>
</testsuite> <!-- Tests.BookNowPage -->
