<?xml version="1.0" encoding="UTF-8"?>
<!-- Generated by org.testng.reporters.JUnitReportReporter -->
<testsuite hostname="Admin" failures="0" tests="1" name="Tests.LoginTest" time="16.682" errors="0" timestamp="2023-10-31T23:53:37 IST" skipped="0">
  <testcase classname="Tests.LoginTest" name="signUp" time="16.682"/>
</testsuite> <!-- Tests.LoginTest -->
