<?xml version="1.0" encoding="UTF-8"?>
<!-- Generated by org.testng.reporters.JUnitReportReporter -->
<testsuite hostname="Admin" failures="0" tests="1" name="Tests.feedbackTest" time="99.107" errors="0" timestamp="2023-10-31T11:22:48 IST" skipped="0">
  <testcase classname="Tests.feedbackTest" name="load" time="99.107"/>
</testsuite> <!-- Tests.feedbackTest -->
