<?xml version="1.0" encoding="UTF-8"?>
<!-- Generated by org.testng.reporters.JUnitReportReporter -->
<testsuite hostname="Admin" failures="0" tests="1" name="Tests.CareerTest" time="57.510" errors="0" timestamp="2023-10-31T11:09:32 IST" skipped="0">
  <testcase classname="Tests.CareerTest" name="load" time="57.510"/>
</testsuite> <!-- Tests.CareerTest -->
