<?xml version="1.0" encoding="UTF-8"?>
<!-- Generated by org.testng.reporters.JUnitReportReporter -->
<testsuite hostname="Admin" failures="0" tests="1" name="Tests.SignUpTest" time="20.893" errors="0" timestamp="2023-10-31T23:52:17 IST" skipped="0">
  <testcase classname="Tests.SignUpTest" name="signUp" time="20.893"/>
</testsuite> <!-- Tests.SignUpTest -->
