<?xml version="1.0" encoding="UTF-8"?>
<!-- Generated by org.testng.reporters.JUnitReportReporter -->
<testsuite hostname="Admin" failures="0" tests="1" name="Tests.PayUsTest" time="20.032" errors="0" timestamp="2023-10-31T23:46:52 IST" skipped="0">
  <testcase classname="Tests.PayUsTest" name="windowhandle" time="20.032"/>
</testsuite> <!-- Tests.PayUsTest -->
