<?xml version="1.0" encoding="UTF-8"?>
<!-- Generated by org.testng.reporters.JUnitReportReporter -->
<testsuite hostname="Admin" failures="0" tests="2" name="Tests.membershipTest" time="120.686" errors="0" timestamp="2023-11-01T00:06:31 IST" skipped="0">
  <testcase classname="Tests.membershipTest" name="load" time="23.743"/>
  <testcase classname="Tests.membershipTest" name="linkValidation" time="96.943"/>
</testsuite> <!-- Tests.membershipTest -->
